<?xml version="1.0" encoding="UTF-8"?>
<testsuite xmlns:xsi="http://www.w3.org/2001/XMLSchema-instance" xsi:noNamespaceSchemaLocation="https://maven.apache.org/surefire/maven-surefire-plugin/xsd/surefire-test-report.xsd" name="com.tanhua.server.test.JwtTest" time="0.696" tests="1" errors="0" skipped="0" failures="0">
  <properties>
    <property name="gopherProxySet" value="false"/>
    <property name="awt.toolkit" value="sun.lwawt.macosx.LWCToolkit"/>
    <property name="file.encoding.pkg" value="sun.io"/>
    <property name="java.specification.version" value="1.8"/>
    <property name="sun.cpu.isalist" value=""/>
    <property name="sun.jnu.encoding" value="UTF-8"/>
    <property name="java.class.path" value="/Users/liufan/Desktop/study/tanhua/day05/代码/tanhua/tanhua-server/target/test-classes:/Users/liufan/Desktop/study/tanhua/day05/代码/tanhua/tanhua-server/target/classes:/Users/liufan/Desktop/study/tanhua/day05/代码/tanhua/tanhua-dubbo/tanhua-dubbo-interface/target/tanhua-dubbo-interface-1.0-SNAPSHOT.jar:/Users/liufan/Desktop/study/tanhua/day05/代码/tanhua/tanhua-domain/target/tanhua-domain-1.0-SNAPSHOT.jar:/Users/liufan/localRepositorys/org/springframework/boot/spring-boot-starter-data-mongodb/2.1.0.RELEASE/spring-boot-starter-data-mongodb-2.1.0.RELEASE.jar:/Users/liufan/localRepositorys/org/mongodb/mongodb-driver/3.8.2/mongodb-driver-3.8.2.jar:/Users/liufan/localRepositorys/org/mongodb/bson/3.8.2/bson-3.8.2.jar:/Users/liufan/localRepositorys/org/mongodb/mongodb-driver-core/3.8.2/mongodb-driver-core-3.8.2.jar:/Users/liufan/localRepositorys/org/springframework/data/spring-data-mongodb/2.1.2.RELEASE/spring-data-mongodb-2.1.2.RELEASE.jar:/Users/liufan/localRepositorys/com/baomidou/mybatis-plus/3.1.1/mybatis-plus-3.1.1.jar:/Users/liufan/localRepositorys/com/baomidou/mybatis-plus-extension/3.1.1/mybatis-plus-extension-3.1.1.jar:/Users/liufan/localRepositorys/com/baomidou/mybatis-plus-core/3.1.1/mybatis-plus-core-3.1.1.jar:/Users/liufan/localRepositorys/com/baomidou/mybatis-plus-annotation/3.1.1/mybatis-plus-annotation-3.1.1.jar:/Users/liufan/localRepositorys/com/github/jsqlparser/jsqlparser/1.2/jsqlparser-1.2.jar:/Users/liufan/localRepositorys/org/mybatis/mybatis/3.5.1/mybatis-3.5.1.jar:/Users/liufan/localRepositorys/org/mybatis/mybatis-spring/2.0.1/mybatis-spring-2.0.1.jar:/Users/liufan/Desktop/study/tanhua/day05/代码/tanhua/tanhua-commons/target/tanhua-commons-1.0-SNAPSHOT.jar:/Users/liufan/localRepositorys/com/aliyun/aliyun-java-sdk-core/4.0.6/aliyun-java-sdk-core-4.0.6.jar:/Users/liufan/localRepositorys/com/google/code/gson/gson/2.8.5/gson-2.8.5.jar:/Users/liufan/localRepositorys/org/apache/httpcomponents/httpclient/4.5.6/httpclient-4.5.6.jar:/Users/liufan/localRepositorys/org/apache/httpcomponents/httpcore/4.4.10/httpcore-4.4.10.jar:/Users/liufan/localRepositorys/javax/xml/bind/jaxb-api/2.3.1/jaxb-api-2.3.1.jar:/Users/liufan/localRepositorys/javax/activation/javax.activation-api/1.2.0/javax.activation-api-1.2.0.jar:/Users/liufan/localRepositorys/com/sun/xml/bind/jaxb-core/2.1.14/jaxb-core-2.1.14.jar:/Users/liufan/localRepositorys/com/sun/xml/bind/jaxb-impl/2.1/jaxb-impl-2.1.jar:/Users/liufan/localRepositorys/javax/activation/activation/1.1.1/activation-1.1.1.jar:/Users/liufan/localRepositorys/com/aliyun/aliyun-java-sdk-dysmsapi/1.1.0/aliyun-java-sdk-dysmsapi-1.1.0.jar:/Users/liufan/localRepositorys/com/aliyun/oss/aliyun-sdk-oss/3.10.2/aliyun-sdk-oss-3.10.2.jar:/Users/liufan/localRepositorys/org/jdom/jdom2/2.0.6/jdom2-2.0.6.jar:/Users/liufan/localRepositorys/org/codehaus/jettison/jettison/1.1/jettison-1.1.jar:/Users/liufan/localRepositorys/stax/stax-api/1.0.1/stax-api-1.0.1.jar:/Users/liufan/localRepositorys/com/aliyun/aliyun-java-sdk-ram/3.0.0/aliyun-java-sdk-ram-3.0.0.jar:/Users/liufan/localRepositorys/com/aliyun/aliyun-java-sdk-sts/3.0.0/aliyun-java-sdk-sts-3.0.0.jar:/Users/liufan/localRepositorys/com/aliyun/aliyun-java-sdk-ecs/4.2.0/aliyun-java-sdk-ecs-4.2.0.jar:/Users/liufan/localRepositorys/com/aliyun/aliyun-java-sdk-kms/2.7.0/aliyun-java-sdk-kms-2.7.0.jar:/Users/liufan/localRepositorys/com/baidu/aip/java-sdk/4.8.0/java-sdk-4.8.0.jar:/Users/liufan/localRepositorys/org/json/json/20160810/json-20160810.jar:/Users/liufan/localRepositorys/org/springframework/boot/spring-boot-starter/2.1.0.RELEASE/spring-boot-starter-2.1.0.RELEASE.jar:/Users/liufan/localRepositorys/org/springframework/boot/spring-boot/2.1.0.RELEASE/spring-boot-2.1.0.RELEASE.jar:/Users/liufan/localRepositorys/org/springframework/boot/spring-boot-autoconfigure/2.1.0.RELEASE/spring-boot-autoconfigure-2.1.0.RELEASE.jar:/Users/liufan/localRepositorys/org/springframework/boot/spring-boot-starter-logging/2.1.0.RELEASE/spring-boot-starter-logging-2.1.0.RELEASE.jar:/Users/liufan/localRepositorys/ch/qos/logback/logback-classic/1.2.3/logback-classic-1.2.3.jar:/Users/liufan/localRepositorys/ch/qos/logback/logback-core/1.2.3/logback-core-1.2.3.jar:/Users/liufan/localRepositorys/org/apache/logging/log4j/log4j-to-slf4j/2.11.1/log4j-to-slf4j-2.11.1.jar:/Users/liufan/localRepositorys/org/apache/logging/log4j/log4j-api/2.11.1/log4j-api-2.11.1.jar:/Users/liufan/localRepositorys/org/slf4j/jul-to-slf4j/1.7.25/jul-to-slf4j-1.7.25.jar:/Users/liufan/localRepositorys/javax/annotation/javax.annotation-api/1.3.2/javax.annotation-api-1.3.2.jar:/Users/liufan/localRepositorys/org/yaml/snakeyaml/1.23/snakeyaml-1.23.jar:/Users/liufan/localRepositorys/org/springframework/boot/spring-boot-starter-web/2.1.0.RELEASE/spring-boot-starter-web-2.1.0.RELEASE.jar:/Users/liufan/localRepositorys/org/springframework/boot/spring-boot-starter-json/2.1.0.RELEASE/spring-boot-starter-json-2.1.0.RELEASE.jar:/Users/liufan/localRepositorys/com/fasterxml/jackson/datatype/jackson-datatype-jdk8/2.9.9/jackson-datatype-jdk8-2.9.9.jar:/Users/liufan/localRepositorys/com/fasterxml/jackson/datatype/jackson-datatype-jsr310/2.9.9/jackson-datatype-jsr310-2.9.9.jar:/Users/liufan/localRepositorys/com/fasterxml/jackson/module/jackson-module-parameter-names/2.9.9/jackson-module-parameter-names-2.9.9.jar:/Users/liufan/localRepositorys/org/springframework/boot/spring-boot-starter-tomcat/2.1.0.RELEASE/spring-boot-starter-tomcat-2.1.0.RELEASE.jar:/Users/liufan/localRepositorys/org/apache/tomcat/embed/tomcat-embed-core/9.0.12/tomcat-embed-core-9.0.12.jar:/Users/liufan/localRepositorys/org/apache/tomcat/embed/tomcat-embed-el/9.0.12/tomcat-embed-el-9.0.12.jar:/Users/liufan/localRepositorys/org/apache/tomcat/embed/tomcat-embed-websocket/9.0.12/tomcat-embed-websocket-9.0.12.jar:/Users/liufan/localRepositorys/org/hibernate/validator/hibernate-validator/6.0.13.Final/hibernate-validator-6.0.13.Final.jar:/Users/liufan/localRepositorys/javax/validation/validation-api/2.0.1.Final/validation-api-2.0.1.Final.jar:/Users/liufan/localRepositorys/org/jboss/logging/jboss-logging/3.3.2.Final/jboss-logging-3.3.2.Final.jar:/Users/liufan/localRepositorys/com/fasterxml/classmate/1.4.0/classmate-1.4.0.jar:/Users/liufan/localRepositorys/org/springframework/spring-web/5.1.2.RELEASE/spring-web-5.1.2.RELEASE.jar:/Users/liufan/localRepositorys/org/springframework/spring-beans/5.1.2.RELEASE/spring-beans-5.1.2.RELEASE.jar:/Users/liufan/localRepositorys/org/springframework/spring-webmvc/5.1.2.RELEASE/spring-webmvc-5.1.2.RELEASE.jar:/Users/liufan/localRepositorys/org/springframework/spring-aop/5.1.2.RELEASE/spring-aop-5.1.2.RELEASE.jar:/Users/liufan/localRepositorys/org/springframework/spring-context/5.1.2.RELEASE/spring-context-5.1.2.RELEASE.jar:/Users/liufan/localRepositorys/org/springframework/spring-expression/5.1.2.RELEASE/spring-expression-5.1.2.RELEASE.jar:/Users/liufan/localRepositorys/org/springframework/boot/spring-boot-starter-data-redis/2.1.0.RELEASE/spring-boot-starter-data-redis-2.1.0.RELEASE.jar:/Users/liufan/localRepositorys/org/springframework/data/spring-data-redis/2.1.2.RELEASE/spring-data-redis-2.1.2.RELEASE.jar:/Users/liufan/localRepositorys/org/springframework/data/spring-data-keyvalue/2.1.2.RELEASE/spring-data-keyvalue-2.1.2.RELEASE.jar:/Users/liufan/localRepositorys/org/springframework/data/spring-data-commons/2.1.2.RELEASE/spring-data-commons-2.1.2.RELEASE.jar:/Users/liufan/localRepositorys/org/springframework/spring-tx/5.1.2.RELEASE/spring-tx-5.1.2.RELEASE.jar:/Users/liufan/localRepositorys/org/springframework/spring-oxm/5.1.2.RELEASE/spring-oxm-5.1.2.RELEASE.jar:/Users/liufan/localRepositorys/org/springframework/spring-context-support/5.1.2.RELEASE/spring-context-support-5.1.2.RELEASE.jar:/Users/liufan/localRepositorys/io/lettuce/lettuce-core/5.1.2.RELEASE/lettuce-core-5.1.2.RELEASE.jar:/Users/liufan/localRepositorys/io/projectreactor/reactor-core/3.2.2.RELEASE/reactor-core-3.2.2.RELEASE.jar:/Users/liufan/localRepositorys/org/reactivestreams/reactive-streams/1.0.2/reactive-streams-1.0.2.jar:/Users/liufan/localRepositorys/io/netty/netty-common/4.1.29.Final/netty-common-4.1.29.Final.jar:/Users/liufan/localRepositorys/io/netty/netty-transport/4.1.29.Final/netty-transport-4.1.29.Final.jar:/Users/liufan/localRepositorys/io/netty/netty-buffer/4.1.29.Final/netty-buffer-4.1.29.Final.jar:/Users/liufan/localRepositorys/io/netty/netty-resolver/4.1.29.Final/netty-resolver-4.1.29.Final.jar:/Users/liufan/localRepositorys/io/netty/netty-handler/4.1.29.Final/netty-handler-4.1.29.Final.jar:/Users/liufan/localRepositorys/io/netty/netty-codec/4.1.29.Final/netty-codec-4.1.29.Final.jar:/Users/liufan/localRepositorys/org/apache/commons/commons-lang3/3.7/commons-lang3-3.7.jar:/Users/liufan/localRepositorys/com/fasterxml/jackson/core/jackson-databind/2.9.9/jackson-databind-2.9.9.jar:/Users/liufan/localRepositorys/com/fasterxml/jackson/core/jackson-annotations/2.9.0/jackson-annotations-2.9.0.jar:/Users/liufan/localRepositorys/com/fasterxml/jackson/core/jackson-core/2.9.9/jackson-core-2.9.9.jar:/Users/liufan/localRepositorys/commons-codec/commons-codec/1.11/commons-codec-1.11.jar:/Users/liufan/localRepositorys/joda-time/joda-time/2.5/joda-time-2.5.jar:/Users/liufan/localRepositorys/io/jsonwebtoken/jjwt/0.9.1/jjwt-0.9.1.jar:/Users/liufan/localRepositorys/org/apache/dubbo/dubbo-spring-boot-starter/2.7.5/dubbo-spring-boot-starter-2.7.5.jar:/Users/liufan/localRepositorys/org/apache/dubbo/dubbo-spring-boot-autoconfigure/2.7.5/dubbo-spring-boot-autoconfigure-2.7.5.jar:/Users/liufan/localRepositorys/org/apache/dubbo/dubbo-spring-boot-autoconfigure-compatible/2.7.5/dubbo-spring-boot-autoconfigure-compatible-2.7.5.jar:/Users/liufan/localRepositorys/org/apache/dubbo/dubbo/2.7.5/dubbo-2.7.5.jar:/Users/liufan/localRepositorys/com/alibaba/spring/spring-context-support/1.0.5/spring-context-support-1.0.5.jar:/Users/liufan/localRepositorys/org/javassist/javassist/3.20.0-GA/javassist-3.20.0-GA.jar:/Users/liufan/localRepositorys/io/netty/netty-all/4.1.29.Final/netty-all-4.1.29.Final.jar:/Users/liufan/localRepositorys/org/apache/curator/curator-recipes/4.2.0/curator-recipes-4.2.0.jar:/Users/liufan/localRepositorys/org/apache/curator/curator-framework/4.2.0/curator-framework-4.2.0.jar:/Users/liufan/localRepositorys/org/apache/curator/curator-client/4.2.0/curator-client-4.2.0.jar:/Users/liufan/localRepositorys/com/google/guava/guava/27.0.1-jre/guava-27.0.1-jre.jar:/Users/liufan/localRepositorys/com/google/guava/failureaccess/1.0.1/failureaccess-1.0.1.jar:/Users/liufan/localRepositorys/com/google/guava/listenablefuture/9999.0-empty-to-avoid-conflict-with-guava/listenablefuture-9999.0-empty-to-avoid-conflict-with-guava.jar:/Users/liufan/localRepositorys/com/google/code/findbugs/jsr305/3.0.2/jsr305-3.0.2.jar:/Users/liufan/localRepositorys/org/checkerframework/checker-qual/2.5.2/checker-qual-2.5.2.jar:/Users/liufan/localRepositorys/com/google/errorprone/error_prone_annotations/2.2.0/error_prone_annotations-2.2.0.jar:/Users/liufan/localRepositorys/com/google/j2objc/j2objc-annotations/1.1/j2objc-annotations-1.1.jar:/Users/liufan/localRepositorys/org/codehaus/mojo/animal-sniffer-annotations/1.17/animal-sniffer-annotations-1.17.jar:/Users/liufan/localRepositorys/org/apache/zookeeper/zookeeper/3.4.12/zookeeper-3.4.12.jar:/Users/liufan/localRepositorys/org/slf4j/slf4j-api/1.7.25/slf4j-api-1.7.25.jar:/Users/liufan/localRepositorys/org/slf4j/slf4j-log4j12/1.7.25/slf4j-log4j12-1.7.25.jar:/Users/liufan/localRepositorys/log4j/log4j/1.2.17/log4j-1.2.17.jar:/Users/liufan/localRepositorys/jline/jline/0.9.94/jline-0.9.94.jar:/Users/liufan/localRepositorys/org/apache/yetus/audience-annotations/0.5.0/audience-annotations-0.5.0.jar:/Users/liufan/localRepositorys/io/netty/netty/3.10.6.Final/netty-3.10.6.Final.jar:/Users/liufan/localRepositorys/org/springframework/boot/spring-boot-starter-test/2.1.0.RELEASE/spring-boot-starter-test-2.1.0.RELEASE.jar:/Users/liufan/localRepositorys/org/springframework/boot/spring-boot-test/2.1.0.RELEASE/spring-boot-test-2.1.0.RELEASE.jar:/Users/liufan/localRepositorys/org/springframework/boot/spring-boot-test-autoconfigure/2.1.0.RELEASE/spring-boot-test-autoconfigure-2.1.0.RELEASE.jar:/Users/liufan/localRepositorys/com/jayway/jsonpath/json-path/2.4.0/json-path-2.4.0.jar:/Users/liufan/localRepositorys/net/minidev/json-smart/2.3/json-smart-2.3.jar:/Users/liufan/localRepositorys/net/minidev/accessors-smart/1.2/accessors-smart-1.2.jar:/Users/liufan/localRepositorys/org/ow2/asm/asm/5.0.4/asm-5.0.4.jar:/Users/liufan/localRepositorys/org/assertj/assertj-core/3.11.1/assertj-core-3.11.1.jar:/Users/liufan/localRepositorys/org/mockito/mockito-core/2.23.0/mockito-core-2.23.0.jar:/Users/liufan/localRepositorys/net/bytebuddy/byte-buddy/1.9.3/byte-buddy-1.9.3.jar:/Users/liufan/localRepositorys/net/bytebuddy/byte-buddy-agent/1.9.3/byte-buddy-agent-1.9.3.jar:/Users/liufan/localRepositorys/org/objenesis/objenesis/2.6/objenesis-2.6.jar:/Users/liufan/localRepositorys/org/hamcrest/hamcrest-core/1.3/hamcrest-core-1.3.jar:/Users/liufan/localRepositorys/org/hamcrest/hamcrest-library/1.3/hamcrest-library-1.3.jar:/Users/liufan/localRepositorys/org/skyscreamer/jsonassert/1.5.0/jsonassert-1.5.0.jar:/Users/liufan/localRepositorys/com/vaadin/external/google/android-json/0.0.20131108.vaadin1/android-json-0.0.20131108.vaadin1.jar:/Users/liufan/localRepositorys/org/springframework/spring-core/5.1.2.RELEASE/spring-core-5.1.2.RELEASE.jar:/Users/liufan/localRepositorys/org/springframework/spring-jcl/5.1.2.RELEASE/spring-jcl-5.1.2.RELEASE.jar:/Users/liufan/localRepositorys/org/springframework/spring-test/5.1.2.RELEASE/spring-test-5.1.2.RELEASE.jar:/Users/liufan/localRepositorys/org/xmlunit/xmlunit-core/2.6.2/xmlunit-core-2.6.2.jar:/Users/liufan/localRepositorys/junit/junit/4.12/junit-4.12.jar:/Users/liufan/localRepositorys/org/projectlombok/lombok/1.18.4/lombok-1.18.4.jar:/Users/liufan/localRepositorys/com/alibaba/fastjson/1.2.8/fastjson-1.2.8.jar:"/>
    <property name="java.vm.vendor" value="Oracle Corporation"/>
    <property name="sun.arch.data.model" value="64"/>
    <property name="java.vendor.url" value="http://java.oracle.com/"/>
    <property name="user.timezone" value=""/>
    <property name="user.country.format" value="CN"/>
    <property name="java.vm.specification.version" value="1.8"/>
    <property name="os.name" value="Mac OS X"/>
    <property name="user.country" value="US"/>
    <property name="sun.java.launcher" value="SUN_STANDARD"/>
    <property name="sun.boot.library.path" value="/Library/Java/JavaVirtualMachines/jdk1.8.0_211.jdk/Contents/Home/jre/lib"/>
    <property name="sun.java.command" value="/Users/liufan/Desktop/study/tanhua/day05/代码/tanhua/tanhua-server/target/surefire/surefirebooter8638506091373732960.jar /Users/liufan/Desktop/study/tanhua/day05/代码/tanhua/tanhua-server/target/surefire 2021-07-08T23-06-16_036-jvmRun1 surefire7983664556341278146tmp surefire_01380690104503597661tmp"/>
    <property name="surefire.test.class.path" value="/Users/liufan/Desktop/study/tanhua/day05/代码/tanhua/tanhua-server/target/test-classes:/Users/liufan/Desktop/study/tanhua/day05/代码/tanhua/tanhua-server/target/classes:/Users/liufan/Desktop/study/tanhua/day05/代码/tanhua/tanhua-dubbo/tanhua-dubbo-interface/target/tanhua-dubbo-interface-1.0-SNAPSHOT.jar:/Users/liufan/Desktop/study/tanhua/day05/代码/tanhua/tanhua-domain/target/tanhua-domain-1.0-SNAPSHOT.jar:/Users/liufan/localRepositorys/org/springframework/boot/spring-boot-starter-data-mongodb/2.1.0.RELEASE/spring-boot-starter-data-mongodb-2.1.0.RELEASE.jar:/Users/liufan/localRepositorys/org/mongodb/mongodb-driver/3.8.2/mongodb-driver-3.8.2.jar:/Users/liufan/localRepositorys/org/mongodb/bson/3.8.2/bson-3.8.2.jar:/Users/liufan/localRepositorys/org/mongodb/mongodb-driver-core/3.8.2/mongodb-driver-core-3.8.2.jar:/Users/liufan/localRepositorys/org/springframework/data/spring-data-mongodb/2.1.2.RELEASE/spring-data-mongodb-2.1.2.RELEASE.jar:/Users/liufan/localRepositorys/com/baomidou/mybatis-plus/3.1.1/mybatis-plus-3.1.1.jar:/Users/liufan/localRepositorys/com/baomidou/mybatis-plus-extension/3.1.1/mybatis-plus-extension-3.1.1.jar:/Users/liufan/localRepositorys/com/baomidou/mybatis-plus-core/3.1.1/mybatis-plus-core-3.1.1.jar:/Users/liufan/localRepositorys/com/baomidou/mybatis-plus-annotation/3.1.1/mybatis-plus-annotation-3.1.1.jar:/Users/liufan/localRepositorys/com/github/jsqlparser/jsqlparser/1.2/jsqlparser-1.2.jar:/Users/liufan/localRepositorys/org/mybatis/mybatis/3.5.1/mybatis-3.5.1.jar:/Users/liufan/localRepositorys/org/mybatis/mybatis-spring/2.0.1/mybatis-spring-2.0.1.jar:/Users/liufan/Desktop/study/tanhua/day05/代码/tanhua/tanhua-commons/target/tanhua-commons-1.0-SNAPSHOT.jar:/Users/liufan/localRepositorys/com/aliyun/aliyun-java-sdk-core/4.0.6/aliyun-java-sdk-core-4.0.6.jar:/Users/liufan/localRepositorys/com/google/code/gson/gson/2.8.5/gson-2.8.5.jar:/Users/liufan/localRepositorys/org/apache/httpcomponents/httpclient/4.5.6/httpclient-4.5.6.jar:/Users/liufan/localRepositorys/org/apache/httpcomponents/httpcore/4.4.10/httpcore-4.4.10.jar:/Users/liufan/localRepositorys/javax/xml/bind/jaxb-api/2.3.1/jaxb-api-2.3.1.jar:/Users/liufan/localRepositorys/javax/activation/javax.activation-api/1.2.0/javax.activation-api-1.2.0.jar:/Users/liufan/localRepositorys/com/sun/xml/bind/jaxb-core/2.1.14/jaxb-core-2.1.14.jar:/Users/liufan/localRepositorys/com/sun/xml/bind/jaxb-impl/2.1/jaxb-impl-2.1.jar:/Users/liufan/localRepositorys/javax/activation/activation/1.1.1/activation-1.1.1.jar:/Users/liufan/localRepositorys/com/aliyun/aliyun-java-sdk-dysmsapi/1.1.0/aliyun-java-sdk-dysmsapi-1.1.0.jar:/Users/liufan/localRepositorys/com/aliyun/oss/aliyun-sdk-oss/3.10.2/aliyun-sdk-oss-3.10.2.jar:/Users/liufan/localRepositorys/org/jdom/jdom2/2.0.6/jdom2-2.0.6.jar:/Users/liufan/localRepositorys/org/codehaus/jettison/jettison/1.1/jettison-1.1.jar:/Users/liufan/localRepositorys/stax/stax-api/1.0.1/stax-api-1.0.1.jar:/Users/liufan/localRepositorys/com/aliyun/aliyun-java-sdk-ram/3.0.0/aliyun-java-sdk-ram-3.0.0.jar:/Users/liufan/localRepositorys/com/aliyun/aliyun-java-sdk-sts/3.0.0/aliyun-java-sdk-sts-3.0.0.jar:/Users/liufan/localRepositorys/com/aliyun/aliyun-java-sdk-ecs/4.2.0/aliyun-java-sdk-ecs-4.2.0.jar:/Users/liufan/localRepositorys/com/aliyun/aliyun-java-sdk-kms/2.7.0/aliyun-java-sdk-kms-2.7.0.jar:/Users/liufan/localRepositorys/com/baidu/aip/java-sdk/4.8.0/java-sdk-4.8.0.jar:/Users/liufan/localRepositorys/org/json/json/20160810/json-20160810.jar:/Users/liufan/localRepositorys/org/springframework/boot/spring-boot-starter/2.1.0.RELEASE/spring-boot-starter-2.1.0.RELEASE.jar:/Users/liufan/localRepositorys/org/springframework/boot/spring-boot/2.1.0.RELEASE/spring-boot-2.1.0.RELEASE.jar:/Users/liufan/localRepositorys/org/springframework/boot/spring-boot-autoconfigure/2.1.0.RELEASE/spring-boot-autoconfigure-2.1.0.RELEASE.jar:/Users/liufan/localRepositorys/org/springframework/boot/spring-boot-starter-logging/2.1.0.RELEASE/spring-boot-starter-logging-2.1.0.RELEASE.jar:/Users/liufan/localRepositorys/ch/qos/logback/logback-classic/1.2.3/logback-classic-1.2.3.jar:/Users/liufan/localRepositorys/ch/qos/logback/logback-core/1.2.3/logback-core-1.2.3.jar:/Users/liufan/localRepositorys/org/apache/logging/log4j/log4j-to-slf4j/2.11.1/log4j-to-slf4j-2.11.1.jar:/Users/liufan/localRepositorys/org/apache/logging/log4j/log4j-api/2.11.1/log4j-api-2.11.1.jar:/Users/liufan/localRepositorys/org/slf4j/jul-to-slf4j/1.7.25/jul-to-slf4j-1.7.25.jar:/Users/liufan/localRepositorys/javax/annotation/javax.annotation-api/1.3.2/javax.annotation-api-1.3.2.jar:/Users/liufan/localRepositorys/org/yaml/snakeyaml/1.23/snakeyaml-1.23.jar:/Users/liufan/localRepositorys/org/springframework/boot/spring-boot-starter-web/2.1.0.RELEASE/spring-boot-starter-web-2.1.0.RELEASE.jar:/Users/liufan/localRepositorys/org/springframework/boot/spring-boot-starter-json/2.1.0.RELEASE/spring-boot-starter-json-2.1.0.RELEASE.jar:/Users/liufan/localRepositorys/com/fasterxml/jackson/datatype/jackson-datatype-jdk8/2.9.9/jackson-datatype-jdk8-2.9.9.jar:/Users/liufan/localRepositorys/com/fasterxml/jackson/datatype/jackson-datatype-jsr310/2.9.9/jackson-datatype-jsr310-2.9.9.jar:/Users/liufan/localRepositorys/com/fasterxml/jackson/module/jackson-module-parameter-names/2.9.9/jackson-module-parameter-names-2.9.9.jar:/Users/liufan/localRepositorys/org/springframework/boot/spring-boot-starter-tomcat/2.1.0.RELEASE/spring-boot-starter-tomcat-2.1.0.RELEASE.jar:/Users/liufan/localRepositorys/org/apache/tomcat/embed/tomcat-embed-core/9.0.12/tomcat-embed-core-9.0.12.jar:/Users/liufan/localRepositorys/org/apache/tomcat/embed/tomcat-embed-el/9.0.12/tomcat-embed-el-9.0.12.jar:/Users/liufan/localRepositorys/org/apache/tomcat/embed/tomcat-embed-websocket/9.0.12/tomcat-embed-websocket-9.0.12.jar:/Users/liufan/localRepositorys/org/hibernate/validator/hibernate-validator/6.0.13.Final/hibernate-validator-6.0.13.Final.jar:/Users/liufan/localRepositorys/javax/validation/validation-api/2.0.1.Final/validation-api-2.0.1.Final.jar:/Users/liufan/localRepositorys/org/jboss/logging/jboss-logging/3.3.2.Final/jboss-logging-3.3.2.Final.jar:/Users/liufan/localRepositorys/com/fasterxml/classmate/1.4.0/classmate-1.4.0.jar:/Users/liufan/localRepositorys/org/springframework/spring-web/5.1.2.RELEASE/spring-web-5.1.2.RELEASE.jar:/Users/liufan/localRepositorys/org/springframework/spring-beans/5.1.2.RELEASE/spring-beans-5.1.2.RELEASE.jar:/Users/liufan/localRepositorys/org/springframework/spring-webmvc/5.1.2.RELEASE/spring-webmvc-5.1.2.RELEASE.jar:/Users/liufan/localRepositorys/org/springframework/spring-aop/5.1.2.RELEASE/spring-aop-5.1.2.RELEASE.jar:/Users/liufan/localRepositorys/org/springframework/spring-context/5.1.2.RELEASE/spring-context-5.1.2.RELEASE.jar:/Users/liufan/localRepositorys/org/springframework/spring-expression/5.1.2.RELEASE/spring-expression-5.1.2.RELEASE.jar:/Users/liufan/localRepositorys/org/springframework/boot/spring-boot-starter-data-redis/2.1.0.RELEASE/spring-boot-starter-data-redis-2.1.0.RELEASE.jar:/Users/liufan/localRepositorys/org/springframework/data/spring-data-redis/2.1.2.RELEASE/spring-data-redis-2.1.2.RELEASE.jar:/Users/liufan/localRepositorys/org/springframework/data/spring-data-keyvalue/2.1.2.RELEASE/spring-data-keyvalue-2.1.2.RELEASE.jar:/Users/liufan/localRepositorys/org/springframework/data/spring-data-commons/2.1.2.RELEASE/spring-data-commons-2.1.2.RELEASE.jar:/Users/liufan/localRepositorys/org/springframework/spring-tx/5.1.2.RELEASE/spring-tx-5.1.2.RELEASE.jar:/Users/liufan/localRepositorys/org/springframework/spring-oxm/5.1.2.RELEASE/spring-oxm-5.1.2.RELEASE.jar:/Users/liufan/localRepositorys/org/springframework/spring-context-support/5.1.2.RELEASE/spring-context-support-5.1.2.RELEASE.jar:/Users/liufan/localRepositorys/io/lettuce/lettuce-core/5.1.2.RELEASE/lettuce-core-5.1.2.RELEASE.jar:/Users/liufan/localRepositorys/io/projectreactor/reactor-core/3.2.2.RELEASE/reactor-core-3.2.2.RELEASE.jar:/Users/liufan/localRepositorys/org/reactivestreams/reactive-streams/1.0.2/reactive-streams-1.0.2.jar:/Users/liufan/localRepositorys/io/netty/netty-common/4.1.29.Final/netty-common-4.1.29.Final.jar:/Users/liufan/localRepositorys/io/netty/netty-transport/4.1.29.Final/netty-transport-4.1.29.Final.jar:/Users/liufan/localRepositorys/io/netty/netty-buffer/4.1.29.Final/netty-buffer-4.1.29.Final.jar:/Users/liufan/localRepositorys/io/netty/netty-resolver/4.1.29.Final/netty-resolver-4.1.29.Final.jar:/Users/liufan/localRepositorys/io/netty/netty-handler/4.1.29.Final/netty-handler-4.1.29.Final.jar:/Users/liufan/localRepositorys/io/netty/netty-codec/4.1.29.Final/netty-codec-4.1.29.Final.jar:/Users/liufan/localRepositorys/org/apache/commons/commons-lang3/3.7/commons-lang3-3.7.jar:/Users/liufan/localRepositorys/com/fasterxml/jackson/core/jackson-databind/2.9.9/jackson-databind-2.9.9.jar:/Users/liufan/localRepositorys/com/fasterxml/jackson/core/jackson-annotations/2.9.0/jackson-annotations-2.9.0.jar:/Users/liufan/localRepositorys/com/fasterxml/jackson/core/jackson-core/2.9.9/jackson-core-2.9.9.jar:/Users/liufan/localRepositorys/commons-codec/commons-codec/1.11/commons-codec-1.11.jar:/Users/liufan/localRepositorys/joda-time/joda-time/2.5/joda-time-2.5.jar:/Users/liufan/localRepositorys/io/jsonwebtoken/jjwt/0.9.1/jjwt-0.9.1.jar:/Users/liufan/localRepositorys/org/apache/dubbo/dubbo-spring-boot-starter/2.7.5/dubbo-spring-boot-starter-2.7.5.jar:/Users/liufan/localRepositorys/org/apache/dubbo/dubbo-spring-boot-autoconfigure/2.7.5/dubbo-spring-boot-autoconfigure-2.7.5.jar:/Users/liufan/localRepositorys/org/apache/dubbo/dubbo-spring-boot-autoconfigure-compatible/2.7.5/dubbo-spring-boot-autoconfigure-compatible-2.7.5.jar:/Users/liufan/localRepositorys/org/apache/dubbo/dubbo/2.7.5/dubbo-2.7.5.jar:/Users/liufan/localRepositorys/com/alibaba/spring/spring-context-support/1.0.5/spring-context-support-1.0.5.jar:/Users/liufan/localRepositorys/org/javassist/javassist/3.20.0-GA/javassist-3.20.0-GA.jar:/Users/liufan/localRepositorys/io/netty/netty-all/4.1.29.Final/netty-all-4.1.29.Final.jar:/Users/liufan/localRepositorys/org/apache/curator/curator-recipes/4.2.0/curator-recipes-4.2.0.jar:/Users/liufan/localRepositorys/org/apache/curator/curator-framework/4.2.0/curator-framework-4.2.0.jar:/Users/liufan/localRepositorys/org/apache/curator/curator-client/4.2.0/curator-client-4.2.0.jar:/Users/liufan/localRepositorys/com/google/guava/guava/27.0.1-jre/guava-27.0.1-jre.jar:/Users/liufan/localRepositorys/com/google/guava/failureaccess/1.0.1/failureaccess-1.0.1.jar:/Users/liufan/localRepositorys/com/google/guava/listenablefuture/9999.0-empty-to-avoid-conflict-with-guava/listenablefuture-9999.0-empty-to-avoid-conflict-with-guava.jar:/Users/liufan/localRepositorys/com/google/code/findbugs/jsr305/3.0.2/jsr305-3.0.2.jar:/Users/liufan/localRepositorys/org/checkerframework/checker-qual/2.5.2/checker-qual-2.5.2.jar:/Users/liufan/localRepositorys/com/google/errorprone/error_prone_annotations/2.2.0/error_prone_annotations-2.2.0.jar:/Users/liufan/localRepositorys/com/google/j2objc/j2objc-annotations/1.1/j2objc-annotations-1.1.jar:/Users/liufan/localRepositorys/org/codehaus/mojo/animal-sniffer-annotations/1.17/animal-sniffer-annotations-1.17.jar:/Users/liufan/localRepositorys/org/apache/zookeeper/zookeeper/3.4.12/zookeeper-3.4.12.jar:/Users/liufan/localRepositorys/org/slf4j/slf4j-api/1.7.25/slf4j-api-1.7.25.jar:/Users/liufan/localRepositorys/org/slf4j/slf4j-log4j12/1.7.25/slf4j-log4j12-1.7.25.jar:/Users/liufan/localRepositorys/log4j/log4j/1.2.17/log4j-1.2.17.jar:/Users/liufan/localRepositorys/jline/jline/0.9.94/jline-0.9.94.jar:/Users/liufan/localRepositorys/org/apache/yetus/audience-annotations/0.5.0/audience-annotations-0.5.0.jar:/Users/liufan/localRepositorys/io/netty/netty/3.10.6.Final/netty-3.10.6.Final.jar:/Users/liufan/localRepositorys/org/springframework/boot/spring-boot-starter-test/2.1.0.RELEASE/spring-boot-starter-test-2.1.0.RELEASE.jar:/Users/liufan/localRepositorys/org/springframework/boot/spring-boot-test/2.1.0.RELEASE/spring-boot-test-2.1.0.RELEASE.jar:/Users/liufan/localRepositorys/org/springframework/boot/spring-boot-test-autoconfigure/2.1.0.RELEASE/spring-boot-test-autoconfigure-2.1.0.RELEASE.jar:/Users/liufan/localRepositorys/com/jayway/jsonpath/json-path/2.4.0/json-path-2.4.0.jar:/Users/liufan/localRepositorys/net/minidev/json-smart/2.3/json-smart-2.3.jar:/Users/liufan/localRepositorys/net/minidev/accessors-smart/1.2/accessors-smart-1.2.jar:/Users/liufan/localRepositorys/org/ow2/asm/asm/5.0.4/asm-5.0.4.jar:/Users/liufan/localRepositorys/org/assertj/assertj-core/3.11.1/assertj-core-3.11.1.jar:/Users/liufan/localRepositorys/org/mockito/mockito-core/2.23.0/mockito-core-2.23.0.jar:/Users/liufan/localRepositorys/net/bytebuddy/byte-buddy/1.9.3/byte-buddy-1.9.3.jar:/Users/liufan/localRepositorys/net/bytebuddy/byte-buddy-agent/1.9.3/byte-buddy-agent-1.9.3.jar:/Users/liufan/localRepositorys/org/objenesis/objenesis/2.6/objenesis-2.6.jar:/Users/liufan/localRepositorys/org/hamcrest/hamcrest-core/1.3/hamcrest-core-1.3.jar:/Users/liufan/localRepositorys/org/hamcrest/hamcrest-library/1.3/hamcrest-library-1.3.jar:/Users/liufan/localRepositorys/org/skyscreamer/jsonassert/1.5.0/jsonassert-1.5.0.jar:/Users/liufan/localRepositorys/com/vaadin/external/google/android-json/0.0.20131108.vaadin1/android-json-0.0.20131108.vaadin1.jar:/Users/liufan/localRepositorys/org/springframework/spring-core/5.1.2.RELEASE/spring-core-5.1.2.RELEASE.jar:/Users/liufan/localRepositorys/org/springframework/spring-jcl/5.1.2.RELEASE/spring-jcl-5.1.2.RELEASE.jar:/Users/liufan/localRepositorys/org/springframework/spring-test/5.1.2.RELEASE/spring-test-5.1.2.RELEASE.jar:/Users/liufan/localRepositorys/org/xmlunit/xmlunit-core/2.6.2/xmlunit-core-2.6.2.jar:/Users/liufan/localRepositorys/junit/junit/4.12/junit-4.12.jar:/Users/liufan/localRepositorys/org/projectlombok/lombok/1.18.4/lombok-1.18.4.jar:/Users/liufan/localRepositorys/com/alibaba/fastjson/1.2.8/fastjson-1.2.8.jar:"/>
    <property name="sun.cpu.endian" value="little"/>
    <property name="user.home" value="/Users/liufan"/>
    <property name="user.language" value="en"/>
    <property name="java.specification.vendor" value="Oracle Corporation"/>
    <property name="java.home" value="/Library/Java/JavaVirtualMachines/jdk1.8.0_211.jdk/Contents/Home/jre"/>
    <property name="basedir" value="/Users/liufan/Desktop/study/tanhua/day05/代码/tanhua/tanhua-server"/>
    <property name="file.separator" value="/"/>
    <property name="line.separator" value="&#10;"/>
    <property name="java.vm.specification.vendor" value="Oracle Corporation"/>
    <property name="java.specification.name" value="Java Platform API Specification"/>
    <property name="java.awt.graphicsenv" value="sun.awt.CGraphicsEnvironment"/>
    <property name="idea.version2020.1.3" value="true"/>
    <property name="surefire.real.class.path" value="/Users/liufan/Desktop/study/tanhua/day05/代码/tanhua/tanhua-server/target/surefire/surefirebooter8638506091373732960.jar"/>
    <property name="sun.boot.class.path" value="/Library/Java/JavaVirtualMachines/jdk1.8.0_211.jdk/Contents/Home/jre/lib/resources.jar:/Library/Java/JavaVirtualMachines/jdk1.8.0_211.jdk/Contents/Home/jre/lib/rt.jar:/Library/Java/JavaVirtualMachines/jdk1.8.0_211.jdk/Contents/Home/jre/lib/sunrsasign.jar:/Library/Java/JavaVirtualMachines/jdk1.8.0_211.jdk/Contents/Home/jre/lib/jsse.jar:/Library/Java/JavaVirtualMachines/jdk1.8.0_211.jdk/Contents/Home/jre/lib/jce.jar:/Library/Java/JavaVirtualMachines/jdk1.8.0_211.jdk/Contents/Home/jre/lib/charsets.jar:/Library/Java/JavaVirtualMachines/jdk1.8.0_211.jdk/Contents/Home/jre/lib/jfr.jar:/Library/Java/JavaVirtualMachines/jdk1.8.0_211.jdk/Contents/Home/jre/classes"/>
    <property name="sun.management.compiler" value="HotSpot 64-Bit Tiered Compilers"/>
    <property name="java.runtime.version" value="1.8.0_211-b12"/>
    <property name="user.name" value="liufan"/>
    <property name="path.separator" value=":"/>
    <property name="os.version" value="10.16"/>
    <property name="java.endorsed.dirs" value="/Library/Java/JavaVirtualMachines/jdk1.8.0_211.jdk/Contents/Home/jre/lib/endorsed"/>
    <property name="java.runtime.name" value="Java(TM) SE Runtime Environment"/>
    <property name="file.encoding" value="UTF-8"/>
    <property name="java.vm.name" value="Java HotSpot(TM) 64-Bit Server VM"/>
    <property name="localRepository" value="/Users/liufan/localRepositorys"/>
    <property name="java.vendor.url.bug" value="http://bugreport.sun.com/bugreport/"/>
    <property name="java.io.tmpdir" value="/var/folders/08/3kr70kp96tg6w5c991j8411c0000gp/T/"/>
    <property name="java.version" value="1.8.0_211"/>
    <property name="user.dir" value="/Users/liufan/Desktop/study/tanhua/day05/代码/tanhua/tanhua-server"/>
    <property name="os.arch" value="x86_64"/>
    <property name="java.vm.specification.name" value="Java Virtual Machine Specification"/>
    <property name="java.awt.printerjob" value="sun.lwawt.macosx.CPrinterJob"/>
    <property name="sun.os.patch.level" value="unknown"/>
    <property name="java.library.path" value="/Users/liufan/Library/Java/Extensions:/Library/Java/Extensions:/Network/Library/Java/Extensions:/System/Library/Java/Extensions:/usr/lib/java:."/>
    <property name="java.vm.info" value="mixed mode"/>
    <property name="java.vendor" value="Oracle Corporation"/>
    <property name="java.vm.version" value="25.211-b12"/>
    <property name="java.ext.dirs" value="/Users/liufan/Library/Java/Extensions:/Library/Java/JavaVirtualMachines/jdk1.8.0_211.jdk/Contents/Home/jre/lib/ext:/Library/Java/Extensions:/Network/Library/Java/Extensions:/System/Library/Java/Extensions:/usr/lib/java"/>
    <property name="sun.io.unicode.encoding" value="UnicodeBig"/>
    <property name="maven.repo.local" value="/Users/liufan/localRepositorys"/>
    <property name="java.class.version" value="52.0"/>
  </properties>
  <testcase name="testJwt" classname="com.tanhua.server.test.JwtTest" time="0.661"/>
</testsuite>